<?xml version="1.0" encoding="UTF-8"?>
<testsuites name="jest tests" tests="19" failures="0" time="1.559">
  <testsuite name="undefined" errors="0" failures="0" skipped="0" timestamp="2020-05-03T06:51:41" time="0.706" tests="1">
    <testcase classname=" template" name=" template" time="0.014">
    </testcase>
  </testsuite>
  <testsuite name="undefined" errors="0" failures="0" skipped="0" timestamp="2020-05-03T06:51:41" time="0.73" tests="18">
    <testcase classname=" Ref" name=" Ref" time="0.007">
    </testcase>
    <testcase classname=" Join" name=" Join" time="0.002">
    </testcase>
    <testcase classname=" Select" name=" Select" time="0.002">
    </testcase>
    <testcase classname=" Split" name=" Split" time="0.001">
    </testcase>
    <testcase classname=" GetAtt sequence" name=" GetAtt sequence" time="0.002">
    </testcase>
    <testcase classname=" GetAtt scalar" name=" GetAtt scalar" time="0">
    </testcase>
    <testcase classname=" Sub sequence" name=" Sub sequence" time="0.001">
    </testcase>
    <testcase classname=" Sub scalar" name=" Sub scalar" time="0.001">
    </testcase>
    <testcase classname=" FindInMap" name=" FindInMap" time="0.001">
    </testcase>
    <testcase classname=" GetAZs" name=" GetAZs" time="0">
    </testcase>
    <testcase classname=" AWS parameters" name=" AWS parameters" time="0.001">
    </testcase>
    <testcase classname=" Equals" name=" Equals" time="0.001">
    </testcase>
    <testcase classname=" And" name=" And" time="0">
    </testcase>
    <testcase classname=" Or" name=" Or" time="0.001">
    </testcase>
    <testcase classname=" Not" name=" Not" time="0.001">
    </testcase>
    <testcase classname=" If" name=" If" time="0.001">
    </testcase>
    <testcase classname=" Base64" name=" Base64" time="0">
    </testcase>
    <testcase classname=" Cidr" name=" Cidr" time="0.001">
    </testcase>
  </testsuite>
</testsuites>